# JRE version: Java(TM) SE Runtime Environment (7.0_79-b15) (build 1.7.0_79-b15)
# Java VM: Java HotSpot(TM) 64-Bit Server VM (24.79-b02 mixed mode windows-amd64 compressed oops)
Heap
 PSYoungGen      total 143360K, used 15840K [0x00000000eaa80000, 0x00000000f4b80000, 0x0000000100000000)
  eden space 127488K, 0% used [0x00000000eaa80000,0x00000000eaa80000,0x00000000f2700000)
  from space 15872K, 99% used [0x00000000f2700000,0x00000000f3678140,0x00000000f3680000)
  to   space 10240K, 0% used [0x00000000f3680000,0x00000000f3680000,0x00000000f4080000)
 ParOldGen       total 698880K, used 299852K [0x00000000c0000000, 0x00000000eaa80000, 0x00000000eaa80000)
  object space 698880K, 42% used [0x00000000c0000000,0x00000000d24d31f8,0x00000000eaa80000)
 PSPermGen       total 21504K, used 6210K [0x00000000bae00000, 0x00000000bc300000, 0x00000000c0000000)
  object space 21504K, 28% used [0x00000000bae00000,0x00000000bb410b38,0x00000000bc300000)
GC Heap History (10 events):
Event: 938.543 GC heap after
Heap after GC invocations=197 (full 187):
 PSYoungGen      total 137728K, used 10217K [0x00000000eaa80000, 0x00000000f4b80000, 0x0000000100000000)
  eden space 127488K, 0% used [0x00000000eaa80000,0x00000000eaa80000,0x00000000f2700000)
  from space 10240K, 99% used [0x00000000f3680000,0x00000000f407a7a8,0x00000000f4080000)
  to   space 15872K, 0% used [0x00000000f2700000,0x00000000f2700000,0x00000000f3680000)
 ParOldGen       total 698880K, used 204963K [0x00000000c0000000, 0x00000000eaa80000, 0x00000000eaa80000)
  object space 698880K, 29% used [0x00000000c0000000,0x00000000cc828f18,0x00000000eaa80000)
 PSPermGen       total 21504K, used 6207K [0x00000000bae00000, 0x00000000bc300000, 0x00000000c0000000)
  object space 21504K, 28% used [0x00000000bae00000,0x00000000bb40fe20,0x00000000bc300000)
}
Event: 938.761 GC heap before
{Heap before GC invocations=198 (full 187):
 PSYoungGen      total 137728K, used 137705K [0x00000000eaa80000, 0x00000000f4b80000, 0x0000000100000000)
  eden space 127488K, 100% used [0x00000000eaa80000,0x00000000f2700000,0x00000000f2700000)
  from space 10240K, 99% used [0x00000000f3680000,0x00000000f407a7a8,0x00000000f4080000)
  to   space 15872K, 0% used [0x00000000f2700000,0x00000000f2700000,0x00000000f3680000)
 ParOldGen       total 698880K, used 204963K [0x00000000c0000000, 0x00000000eaa80000, 0x00000000eaa80000)
  object space 698880K, 29% used [0x00000000c0000000,0x00000000cc828f18,0x00000000eaa80000)
 PSPermGen       total 21504K, used 6207K [0x00000000bae00000, 0x00000000bc300000, 0x00000000c0000000)
  object space 21504K, 28% used [0x00000000bae00000,0x00000000bb40fe20,0x00000000bc300000)
Event: 940.845 GC heap after
Heap after GC invocations=198 (full 187):
 PSYoungGen      total 143360K, used 15866K [0x00000000eaa80000, 0x00000000f4b80000, 0x0000000100000000)
  eden space 127488K, 0% used [0x00000000eaa80000,0x00000000eaa80000,0x00000000f2700000)
  from space 15872K, 99% used [0x00000000f2700000,0x00000000f367e940,0x00000000f3680000)
  to   space 10240K, 0% used [0x00000000f3680000,0x00000000f3680000,0x00000000f4080000)
 ParOldGen       total 698880K, used 220158K [0x00000000c0000000, 0x00000000eaa80000, 0x00000000eaa80000)
  object space 698880K, 31% used [0x00000000c0000000,0x00000000cd6ffbf0,0x00000000eaa80000)
 PSPermGen       total 21504K, used 6207K [0x00000000bae00000, 0x00000000bc300000, 0x00000000c0000000)
  object space 21504K, 28% used [0x00000000bae00000,0x00000000bb40fe20,0x00000000bc300000)
}
Event: 941.035 GC heap before
{Heap before GC invocations=199 (full 187):
 PSYoungGen      total 143360K, used 143354K [0x00000000eaa80000, 0x00000000f4b80000, 0x0000000100000000)
  eden space 127488K, 100% used [0x00000000eaa80000,0x00000000f2700000,0x00000000f2700000)
  from space 15872K, 99% used [0x00000000f2700000,0x00000000f367e940,0x00000000f3680000)
  to   space 10240K, 0% used [0x00000000f3680000,0x00000000f3680000,0x00000000f4080000)
 ParOldGen       total 698880K, used 220158K [0x00000000c0000000, 0x00000000eaa80000, 0x00000000eaa80000)
  object space 698880K, 31% used [0x00000000c0000000,0x00000000cd6ffbf0,0x00000000eaa80000)
 PSPermGen       total 21504K, used 6209K [0x00000000bae00000, 0x00000000bc300000, 0x00000000c0000000)
  object space 21504K, 28% used [0x00000000bae00000,0x00000000bb4107e0,0x00000000bc300000)
Event: 943.123 GC heap after
Heap after GC invocations=199 (full 187):
 PSYoungGen      total 137728K, used 10230K [0x00000000eaa80000, 0x00000000f4b80000, 0x0000000100000000)
  eden space 127488K, 0% used [0x00000000eaa80000,0x00000000eaa80000,0x00000000f2700000)
  from space 10240K, 99% used [0x00000000f3680000,0x00000000f407d8b8,0x00000000f4080000)
  to   space 15872K, 0% used [0x00000000f2700000,0x00000000f2700000,0x00000000f3680000)
 ParOldGen       total 698880K, used 246669K [0x00000000c0000000, 0x00000000eaa80000, 0x00000000eaa80000)
  object space 698880K, 35% used [0x00000000c0000000,0x00000000cf0e37f0,0x00000000eaa80000)
 PSPermGen       total 21504K, used 6209K [0x00000000bae00000, 0x00000000bc300000, 0x00000000c0000000)
  object space 21504K, 28% used [0x00000000bae00000,0x00000000bb4107e0,0x00000000bc300000)
}
Event: 943.270 GC heap before
{Heap before GC invocations=200 (full 187):
 PSYoungGen      total 137728K, used 137718K [0x00000000eaa80000, 0x00000000f4b80000, 0x0000000100000000)
  eden space 127488K, 100% used [0x00000000eaa80000,0x00000000f2700000,0x00000000f2700000)
  from space 10240K, 99% used [0x00000000f3680000,0x00000000f407d8b8,0x00000000f4080000)
  to   space 15872K, 0% used [0x00000000f2700000,0x00000000f2700000,0x00000000f3680000)
 ParOldGen       total 698880K, used 246669K [0x00000000c0000000, 0x00000000eaa80000, 0x00000000eaa80000)
  object space 698880K, 35% used [0x00000000c0000000,0x00000000cf0e37f0,0x00000000eaa80000)
 PSPermGen       total 21504K, used 6209K [0x00000000bae00000, 0x00000000bc300000, 0x00000000c0000000)
  object space 21504K, 28% used [0x00000000bae00000,0x00000000bb4107e0,0x00000000bc300000)
Event: 945.319 GC heap after
Heap after GC invocations=200 (full 187):
 PSYoungGen      total 143360K, used 15852K [0x00000000eaa80000, 0x00000000f4b80000, 0x0000000100000000)
  eden space 127488K, 0% used [0x00000000eaa80000,0x00000000eaa80000,0x00000000f2700000)
  from space 15872K, 99% used [0x00000000f2700000,0x00000000f367b0d8,0x00000000f3680000)
  to   space 10240K, 0% used [0x00000000f3680000,0x00000000f3680000,0x00000000f4080000)
 ParOldGen       total 698880K, used 260653K [0x00000000c0000000, 0x00000000eaa80000, 0x00000000eaa80000)
  object space 698880K, 37% used [0x00000000c0000000,0x00000000cfe8b450,0x00000000eaa80000)
 PSPermGen       total 21504K, used 6209K [0x00000000bae00000, 0x00000000bc300000, 0x00000000c0000000)
  object space 21504K, 28% used [0x00000000bae00000,0x00000000bb4107e0,0x00000000bc300000)
}
Event: 945.538 GC heap before
{Heap before GC invocations=201 (full 187):
 PSYoungGen      total 143360K, used 143340K [0x00000000eaa80000, 0x00000000f4b80000, 0x0000000100000000)
  eden space 127488K, 100% used [0x00000000eaa80000,0x00000000f2700000,0x00000000f2700000)
  from space 15872K, 99% used [0x00000000f2700000,0x00000000f367b0d8,0x00000000f3680000)
  to   space 10240K, 0% used [0x00000000f3680000,0x00000000f3680000,0x00000000f4080000)
 ParOldGen       total 698880K, used 260653K [0x00000000c0000000, 0x00000000eaa80000, 0x00000000eaa80000)
  object space 698880K, 37% used [0x00000000c0000000,0x00000000cfe8b450,0x00000000eaa80000)
 PSPermGen       total 21504K, used 6209K [0x00000000bae00000, 0x00000000bc300000, 0x00000000c0000000)
  object space 21504K, 28% used [0x00000000bae00000,0x00000000bb4107e0,0x00000000bc300000)
Event: 947.599 GC heap after
Heap after GC invocations=201 (full 187):
 PSYoungGen      total 137728K, used 10224K [0x00000000eaa80000, 0x00000000f4b80000, 0x0000000100000000)
  eden space 127488K, 0% used [0x00000000eaa80000,0x00000000eaa80000,0x00000000f2700000)
  from space 10240K, 99% used [0x00000000f3680000,0x00000000f407c170,0x00000000f4080000)
  to   space 15872K, 0% used [0x00000000f2700000,0x00000000f2700000,0x00000000f3680000)
 ParOldGen       total 698880K, used 284862K [0x00000000c0000000, 0x00000000eaa80000, 0x00000000eaa80000)
  object space 698880K, 40% used [0x00000000c0000000,0x00000000d162fa50,0x00000000eaa80000)
 PSPermGen       total 21504K, used 6209K [0x00000000bae00000, 0x00000000bc300000, 0x00000000c0000000)
  object space 21504K, 28% used [0x00000000bae00000,0x00000000bb4107e0,0x00000000bc300000)
}
Event: 947.832 GC heap before
{Heap before GC invocations=202 (full 187):
 PSYoungGen      total 137728K, used 137712K [0x00000000eaa80000, 0x00000000f4b80000, 0x0000000100000000)
  eden space 127488K, 100% used [0x00000000eaa80000,0x00000000f2700000,0x00000000f2700000)
  from space 10240K, 99% used [0x00000000f3680000,0x00000000f407c170,0x00000000f4080000)
  to   space 15872K, 0% used [0x00000000f2700000,0x00000000f2700000,0x00000000f3680000)
 ParOldGen       total 698880K, used 284862K [0x00000000c0000000, 0x00000000eaa80000, 0x00000000eaa80000)
  object space 698880K, 40% used [0x00000000c0000000,0x00000000d162fa50,0x00000000eaa80000)
 PSPermGen       total 21504K, used 6210K [0x00000000bae00000, 0x00000000bc300000, 0x00000000c0000000)
  object space 21504K, 28% used [0x00000000bae00000,0x00000000bb410b38,0x00000000bc300000)

