# JRE version: Java(TM) SE Runtime Environment (7.0_79-b15) (build 1.7.0_79-b15)
# Java VM: Java HotSpot(TM) 64-Bit Server VM (24.79-b02 mixed mode windows-amd64 compressed oops)
Heap
 PSYoungGen      total 233472K, used 83038K [0x00000000eaa80000, 0x0000000100000000, 0x0000000100000000)
  eden space 117248K, 24% used [0x00000000eaa80000,0x00000000ec629368,0x00000000f1d00000)
  from space 116224K, 47% used [0x00000000f8e80000,0x00000000fc3ee7b0,0x0000000100000000)
  to   space 116224K, 0% used [0x00000000f1d00000,0x00000000f1d00000,0x00000000f8e80000)
 ParOldGen       total 698880K, used 570064K [0x00000000c0000000, 0x00000000eaa80000, 0x00000000eaa80000)
  object space 698880K, 81% used [0x00000000c0000000,0x00000000e2cb41a0,0x00000000eaa80000)
 PSPermGen       total 21504K, used 6315K [0x00000000bae00000, 0x00000000bc300000, 0x00000000c0000000)
  object space 21504K, 29% used [0x00000000bae00000,0x00000000bb42ae58,0x00000000bc300000)
GC Heap History (10 events):
Event: 146.770 GC heap before
{Heap before GC invocations=174 (full 150):
 PSYoungGen      total 233472K, used 117247K [0x00000000eaa80000, 0x0000000100000000, 0x0000000100000000)
  eden space 117248K, 99% used [0x00000000eaa80000,0x00000000f1cffff8,0x00000000f1d00000)
  from space 116224K, 0% used [0x00000000f8e80000,0x00000000f8e80000,0x0000000100000000)
  to   space 116224K, 0% used [0x00000000f1d00000,0x00000000f1d00000,0x00000000f8e80000)
 ParOldGen       total 452608K, used 452277K [0x00000000c0000000, 0x00000000dba00000, 0x00000000eaa80000)
  object space 452608K, 99% used [0x00000000c0000000,0x00000000db9ad708,0x00000000dba00000)
 PSPermGen       total 21504K, used 6315K [0x00000000bae00000, 0x00000000bc300000, 0x00000000c0000000)
  object space 21504K, 29% used [0x00000000bae00000,0x00000000bb42ada0,0x00000000bc300000)
Event: 147.613 GC heap after
Heap after GC invocations=174 (full 150):
 PSYoungGen      total 233472K, used 117247K [0x00000000eaa80000, 0x0000000100000000, 0x0000000100000000)
  eden space 117248K, 99% used [0x00000000eaa80000,0x00000000f1cffff8,0x00000000f1d00000)
  from space 116224K, 0% used [0x00000000f8e80000,0x00000000f8e80000,0x0000000100000000)
  to   space 116224K, 0% used [0x00000000f1d00000,0x00000000f1d00000,0x00000000f8e80000)
 ParOldGen       total 452608K, used 452277K [0x00000000c0000000, 0x00000000dba00000, 0x00000000eaa80000)
  object space 452608K, 99% used [0x00000000c0000000,0x00000000db9ad708,0x00000000dba00000)
 PSPermGen       total 21504K, used 6315K [0x00000000bae00000, 0x00000000bc300000, 0x00000000c0000000)
  object space 21504K, 29% used [0x00000000bae00000,0x00000000bb42ada0,0x00000000bc300000)
}
Event: 147.614 GC heap before
{Heap before GC invocations=175 (full 151):
 PSYoungGen      total 233472K, used 117247K [0x00000000eaa80000, 0x0000000100000000, 0x0000000100000000)
  eden space 117248K, 99% used [0x00000000eaa80000,0x00000000f1cffff8,0x00000000f1d00000)
  from space 116224K, 0% used [0x00000000f8e80000,0x00000000f8e80000,0x0000000100000000)
  to   space 116224K, 0% used [0x00000000f1d00000,0x00000000f1d00000,0x00000000f8e80000)
 ParOldGen       total 452608K, used 452279K [0x00000000c0000000, 0x00000000dba00000, 0x00000000eaa80000)
  object space 452608K, 99% used [0x00000000c0000000,0x00000000db9ade08,0x00000000dba00000)
 PSPermGen       total 21504K, used 6315K [0x00000000bae00000, 0x00000000bc300000, 0x00000000c0000000)
  object space 21504K, 29% used [0x00000000bae00000,0x00000000bb42ada0,0x00000000bc300000)
Event: 148.456 GC heap after
Heap after GC invocations=175 (full 151):
 PSYoungGen      total 233472K, used 117247K [0x00000000eaa80000, 0x0000000100000000, 0x0000000100000000)
  eden space 117248K, 99% used [0x00000000eaa80000,0x00000000f1cfffd0,0x00000000f1d00000)
  from space 116224K, 0% used [0x00000000f8e80000,0x00000000f8e80000,0x0000000100000000)
  to   space 116224K, 0% used [0x00000000f1d00000,0x00000000f1d00000,0x00000000f8e80000)
 ParOldGen       total 452608K, used 452278K [0x00000000c0000000, 0x00000000dba00000, 0x00000000eaa80000)
  object space 452608K, 99% used [0x00000000c0000000,0x00000000db9ada20,0x00000000dba00000)
 PSPermGen       total 21504K, used 6315K [0x00000000bae00000, 0x00000000bc300000, 0x00000000c0000000)
  object space 21504K, 29% used [0x00000000bae00000,0x00000000bb42ada0,0x00000000bc300000)
}
Event: 148.457 GC heap before
{Heap before GC invocations=176 (full 152):
 PSYoungGen      total 233472K, used 117247K [0x00000000eaa80000, 0x0000000100000000, 0x0000000100000000)
  eden space 117248K, 99% used [0x00000000eaa80000,0x00000000f1cffff8,0x00000000f1d00000)
  from space 116224K, 0% used [0x00000000f8e80000,0x00000000f8e80000,0x0000000100000000)
  to   space 116224K, 0% used [0x00000000f1d00000,0x00000000f1d00000,0x00000000f8e80000)
 ParOldGen       total 452608K, used 452278K [0x00000000c0000000, 0x00000000dba00000, 0x00000000eaa80000)
  object space 452608K, 99% used [0x00000000c0000000,0x00000000db9ada20,0x00000000dba00000)
 PSPermGen       total 21504K, used 6315K [0x00000000bae00000, 0x00000000bc300000, 0x00000000c0000000)
  object space 21504K, 29% used [0x00000000bae00000,0x00000000bb42ada0,0x00000000bc300000)
Event: 149.308 GC heap after
Heap after GC invocations=176 (full 152):
 PSYoungGen      total 233472K, used 117247K [0x00000000eaa80000, 0x0000000100000000, 0x0000000100000000)
  eden space 117248K, 99% used [0x00000000eaa80000,0x00000000f1cfffd0,0x00000000f1d00000)
  from space 116224K, 0% used [0x00000000f8e80000,0x00000000f8e80000,0x0000000100000000)
  to   space 116224K, 0% used [0x00000000f1d00000,0x00000000f1d00000,0x00000000f8e80000)
 ParOldGen       total 698880K, used 452278K [0x00000000c0000000, 0x00000000eaa80000, 0x00000000eaa80000)
  object space 698880K, 64% used [0x00000000c0000000,0x00000000db9ada20,0x00000000eaa80000)
 PSPermGen       total 21504K, used 6315K [0x00000000bae00000, 0x00000000bc300000, 0x00000000c0000000)
  object space 21504K, 29% used [0x00000000bae00000,0x00000000bb42ada0,0x00000000bc300000)
}
Event: 149.308 GC heap before
{Heap before GC invocations=177 (full 152):
 PSYoungGen      total 233472K, used 117248K [0x00000000eaa80000, 0x0000000100000000, 0x0000000100000000)
  eden space 117248K, 100% used [0x00000000eaa80000,0x00000000f1d00000,0x00000000f1d00000)
  from space 116224K, 0% used [0x00000000f8e80000,0x00000000f8e80000,0x0000000100000000)
  to   space 116224K, 0% used [0x00000000f1d00000,0x00000000f1d00000,0x00000000f8e80000)
 ParOldGen       total 698880K, used 452278K [0x00000000c0000000, 0x00000000eaa80000, 0x00000000eaa80000)
  object space 698880K, 64% used [0x00000000c0000000,0x00000000db9ada20,0x00000000eaa80000)
 PSPermGen       total 21504K, used 6315K [0x00000000bae00000, 0x00000000bc300000, 0x00000000c0000000)
  object space 21504K, 29% used [0x00000000bae00000,0x00000000bb42ada0,0x00000000bc300000)
Event: 149.470 GC heap after
Heap after GC invocations=177 (full 152):
 PSYoungGen      total 233472K, used 116202K [0x00000000eaa80000, 0x0000000100000000, 0x0000000100000000)
  eden space 117248K, 0% used [0x00000000eaa80000,0x00000000eaa80000,0x00000000f1d00000)
  from space 116224K, 99% used [0x00000000f1d00000,0x00000000f8e7a8b8,0x00000000f8e80000)
  to   space 116224K, 0% used [0x00000000f8e80000,0x00000000f8e80000,0x0000000100000000)
 ParOldGen       total 698880K, used 455310K [0x00000000c0000000, 0x00000000eaa80000, 0x00000000eaa80000)
  object space 698880K, 65% used [0x00000000c0000000,0x00000000dbca3a20,0x00000000eaa80000)
 PSPermGen       total 21504K, used 6315K [0x00000000bae00000, 0x00000000bc300000, 0x00000000c0000000)
  object space 21504K, 29% used [0x00000000bae00000,0x00000000bb42ada0,0x00000000bc300000)
}
Event: 149.540 GC heap before
{Heap before GC invocations=178 (full 152):
 PSYoungGen      total 233472K, used 233450K [0x00000000eaa80000, 0x0000000100000000, 0x0000000100000000)
  eden space 117248K, 100% used [0x00000000eaa80000,0x00000000f1d00000,0x00000000f1d00000)
  from space 116224K, 99% used [0x00000000f1d00000,0x00000000f8e7a8b8,0x00000000f8e80000)
  to   space 116224K, 0% used [0x00000000f8e80000,0x00000000f8e80000,0x0000000100000000)
 ParOldGen       total 698880K, used 455310K [0x00000000c0000000, 0x00000000eaa80000, 0x00000000eaa80000)
  object space 698880K, 65% used [0x00000000c0000000,0x00000000dbca3a20,0x00000000eaa80000)
 PSPermGen       total 21504K, used 6315K [0x00000000bae00000, 0x00000000bc300000, 0x00000000c0000000)
  object space 21504K, 29% used [0x00000000bae00000,0x00000000bb42ae58,0x00000000bc300000)
Event: 149.628 GC heap after
Heap after GC invocations=178 (full 152):
 PSYoungGen      total 233472K, used 54713K [0x00000000eaa80000, 0x0000000100000000, 0x0000000100000000)
  eden space 117248K, 0% used [0x00000000eaa80000,0x00000000eaa80000,0x00000000f1d00000)
  from space 116224K, 47% used [0x00000000f8e80000,0x00000000fc3ee7b0,0x0000000100000000)
  to   space 116224K, 0% used [0x00000000f1d00000,0x00000000f1d00000,0x00000000f8e80000)
 ParOldGen       total 698880K, used 570064K [0x00000000c0000000, 0x00000000eaa80000, 0x00000000eaa80000)
  object space 698880K, 81% used [0x00000000c0000000,0x00000000e2cb41a0,0x00000000eaa80000)
 PSPermGen       total 21504K, used 6315K [0x00000000bae00000, 0x00000000bc300000, 0x00000000c0000000)
  object space 21504K, 29% used [0x00000000bae00000,0x00000000bb42ae58,0x00000000bc300000)
}

